<?xml version="1.0" encoding="UTF-8"?>
<!-- Generated by org.testng.reporters.JUnitXMLReporter -->
<testsuite hostname="VenkatrmanasAir" ignored="0" name="RedBusTests" tests="1" failures="0" timestamp="23 Oct 2018 14:28:56 GMT" time="0.198" errors="0">
  <testcase name="@BeforeClass readTestData" time="0.148" classname="com.scotiabank.fwk.tests.RbcCurrencyConverterTestDemo">
    <failure type="org.apache.poi.poifs.filesystem.OfficeXmlFileException" message="The supplied data appears to be in the Office 2007+ XML. You are calling the part of POI that deals with OLE2 Office Documents. You need to call a different part of POI to process this data (eg XSSF instead of HSSF)">
      <![CDATA[org.apache.poi.poifs.filesystem.OfficeXmlFileException: The supplied data appears to be in the Office 2007+ XML. You are calling the part of POI that deals with OLE2 Office Documents. You need to call a different part of POI to process this data (eg XSSF instead of HSSF)
	at org.apache.poi.poifs.storage.HeaderBlock.<init>(HeaderBlock.java:130)
	at org.apache.poi.poifs.storage.HeaderBlock.<init>(HeaderBlock.java:117)
	at org.apache.poi.poifs.filesystem.POIFSFileSystem.<init>(POIFSFileSystem.java:294)
	at org.apache.poi.hssf.usermodel.HSSFWorkbook.<init>(HSSFWorkbook.java:401)
	at org.apache.poi.hssf.usermodel.HSSFWorkbook.<init>(HSSFWorkbook.java:382)
	at com.scotiabank.fwk.utils.ExcelUtils.readDataFromFile(ExcelUtils.java:48)
	at com.scotiabank.fwk.utils.ExcelUtils.readDataFromFile(ExcelUtils.java:97)
	at com.scotiabank.fwk.tests.RbcCurrencyConverterTestDemo.readTestData(RbcCurrencyConverterTestDemo.java:121)
... Removed 25 stack frames]]>
    </failure>
  </testcase> <!-- @BeforeClass readTestData -->
  <testcase name="@BeforeClass setUp" time="0.0" classname="com.scotiabank.fwk.tests.RbcCurrencyConverterTestDemo">
    <skipped/>
  </testcase> <!-- @BeforeClass setUp -->
  <testcase name="@AfterClass tearDown" time="0.0" classname="com.scotiabank.fwk.tests.RbcCurrencyConverterTestDemo">
    <skipped/>
  </testcase> <!-- @AfterClass tearDown -->
  <testcase name="testRbcCurrencyConversions" time="0.0" classname="com.scotiabank.fwk.tests.RbcCurrencyConverterTestDemo">
    <skipped/>
  </testcase> <!-- testRbcCurrencyConversions -->
</testsuite> <!-- RedBusTests -->
