<?xml version="1.0" encoding="UTF-8"?>
<testng-results skipped="0" failed="0" ignored="0" total="2" passed="2">
  <reporter-output>
  </reporter-output>
  <suite name="Suite" duration-ms="62603" started-at="2018-10-23T19:04:55Z" finished-at="2018-10-23T19:05:57Z">
    <groups>
    </groups>
    <test name="MultiBrowser_Firefox" duration-ms="37035" started-at="2018-10-23T19:04:55Z" finished-at="2018-10-23T19:05:32Z">
      <class name="com.scotiabank.fwk.tests.RbcCurrencyConverterTestDemo">
        <test-method status="PASS" signature="readTestData()[pri:0, instance:com.scotiabank.fwk.tests.RbcCurrencyConverterTestDemo@3ffc5af1]" name="readTestData" is-config="true" duration-ms="486" started-at="2018-10-24T00:34:55Z" finished-at="2018-10-24T00:34:55Z">
          <reporter-output>
          </reporter-output>
        </test-method> <!-- readTestData -->
        <test-method status="PASS" signature="setUp(java.lang.String)[pri:0, instance:com.scotiabank.fwk.tests.RbcCurrencyConverterTestDemo@3ffc5af1]" name="setUp" is-config="true" duration-ms="26332" started-at="2018-10-24T00:34:55Z" finished-at="2018-10-24T00:35:22Z">
          <params>
            <param index="0">
              <value>
                <![CDATA[firefox]]>
              </value>
            </param>
          </params>
          <reporter-output>
          </reporter-output>
        </test-method> <!-- setUp -->
        <test-method status="PASS" signature="testRbcCurrencyConversions()[pri:0, instance:com.scotiabank.fwk.tests.RbcCurrencyConverterTestDemo@3ffc5af1]" name="testRbcCurrencyConversions" duration-ms="9573" started-at="2018-10-24T00:35:22Z" finished-at="2018-10-24T00:35:31Z">
          <reporter-output>
          </reporter-output>
        </test-method> <!-- testRbcCurrencyConversions -->
        <test-method status="PASS" signature="tearDown()[pri:0, instance:com.scotiabank.fwk.tests.RbcCurrencyConverterTestDemo@3ffc5af1]" name="tearDown" is-config="true" duration-ms="622" started-at="2018-10-24T00:35:31Z" finished-at="2018-10-24T00:35:32Z">
          <reporter-output>
          </reporter-output>
        </test-method> <!-- tearDown -->
      </class> <!-- com.scotiabank.fwk.tests.RbcCurrencyConverterTestDemo -->
    </test> <!-- MultiBrowser_Firefox -->
    <test name="MultiBrowser-Chrome" duration-ms="25525" started-at="2018-10-23T19:05:32Z" finished-at="2018-10-23T19:05:57Z">
      <class name="com.scotiabank.fwk.tests.RbcCurrencyConverterTestDemo">
        <test-method status="PASS" signature="readTestData()[pri:0, instance:com.scotiabank.fwk.tests.RbcCurrencyConverterTestDemo@343f4d3d]" name="readTestData" is-config="true" duration-ms="5" started-at="2018-10-24T00:35:32Z" finished-at="2018-10-24T00:35:32Z">
          <reporter-output>
          </reporter-output>
        </test-method> <!-- readTestData -->
        <test-method status="PASS" signature="setUp(java.lang.String)[pri:0, instance:com.scotiabank.fwk.tests.RbcCurrencyConverterTestDemo@343f4d3d]" name="setUp" is-config="true" duration-ms="15777" started-at="2018-10-24T00:35:32Z" finished-at="2018-10-24T00:35:48Z">
          <params>
            <param index="0">
              <value>
                <![CDATA[chrome]]>
              </value>
            </param>
          </params>
          <reporter-output>
          </reporter-output>
        </test-method> <!-- setUp -->
        <test-method status="PASS" signature="testRbcCurrencyConversions()[pri:0, instance:com.scotiabank.fwk.tests.RbcCurrencyConverterTestDemo@343f4d3d]" name="testRbcCurrencyConversions" duration-ms="9643" started-at="2018-10-24T00:35:48Z" finished-at="2018-10-24T00:35:57Z">
          <reporter-output>
          </reporter-output>
        </test-method> <!-- testRbcCurrencyConversions -->
        <test-method status="PASS" signature="tearDown()[pri:0, instance:com.scotiabank.fwk.tests.RbcCurrencyConverterTestDemo@343f4d3d]" name="tearDown" is-config="true" duration-ms="98" started-at="2018-10-24T00:35:57Z" finished-at="2018-10-24T00:35:57Z">
          <reporter-output>
          </reporter-output>
        </test-method> <!-- tearDown -->
      </class> <!-- com.scotiabank.fwk.tests.RbcCurrencyConverterTestDemo -->
    </test> <!-- MultiBrowser-Chrome -->
  </suite> <!-- Suite -->
</testng-results>
